
Gurobi 8.1.0 (linux64, Python) logging started Wed Feb 20 22:17:43 2019

Academic license - for non-commercial use only
Read LP format model from file /home/mert/optimization/pyomo_code/MIL_2/tmpqioxymuh.pyomo.lp
Reading time = 0.06 seconds
x1481: 2517 rows, 1481 columns, 92057 nonzeros
Optimize a model with 2517 rows, 1481 columns and 92057 nonzeros
Variable types: 889 continuous, 592 integer (592 binary)
Coefficient statistics:
  Matrix range     [2e-01, 1e+04]
  Objective range  [2e-01, 1e+01]
  Bounds range     [1e+00, 1e+00]
  RHS range        [2e-08, 3e+04]
Found heuristic solution: objective 65960.644694
Presolve added 0 rows and 86 columns
Presolve removed 813 rows and 0 columns
Presolve time: 0.15s
Presolved: 1704 rows, 1567 columns, 52563 nonzeros
Variable types: 1271 continuous, 296 integer (296 binary)

Root relaxation: objective 1.480000e+01, 762 iterations, 0.03 seconds

    Nodes    |    Current Node    |     Objective Bounds      |     Work
 Expl Unexpl |  Obj  Depth IntInf | Incumbent    BestBd   Gap | It/Node Time

     0     0   14.80000    0   38 65960.6447   14.80000   100%     -    0s
H    0     0                    5901.2218746   14.80000   100%     -    0s
     0     0   14.80000    0   72 5901.22187   14.80000   100%     -    0s
H    0     0                    5579.2821951   14.80000   100%     -    0s
     0     0   14.80000    0   72 5579.28220   14.80000   100%     -    0s
     0     0   14.80000    0   38 5579.28220   14.80000   100%     -    0s
     0     0   14.80000    0   41 5579.28220   14.80000   100%     -    0s
     0     0   14.80000    0   48 5579.28220   14.80000   100%     -    0s
     0     0   14.80000    0   42 5579.28220   14.80000   100%     -    0s
H    0     0                    3420.2940432   14.80000   100%     -    1s
     0     2   14.80000    0   34 3420.29404   14.80000   100%     -    1s
H   27    24                    3270.2567100   14.80000   100%  53.7    1s
H  142   121                    2476.0527613   14.80000  99.4%  36.9    1s
H  220   212                    2203.0933879   14.80000  99.3%  25.5    1s
*  333   276             144    1798.7529296   14.80000  99.2%  18.0    2s
*  642   558             139    1789.2847761   14.80000  99.2%  16.7    2s
*  650   558             139    1787.6567891   14.80000  99.2%  16.6    2s
*  711   625             139    1787.2015081   14.80000  99.2%  15.5    2s
   816   707  364.43166   46  205 1787.20151  364.43166  79.6%  14.0    5s
   876   750  468.36017   27   94 1787.20151  468.36017  73.8%  24.8   10s
   900   767  468.74816   19  105 1787.20151  468.74816  73.8%  28.8   15s
   959   809  570.40929   27   89 1787.20151  570.40929  68.1%  35.6   20s
   985   827  571.67977   37   92 1787.20151  571.67977  68.0%  38.7   25s
  1033   862  602.01463   49  103 1787.20151  602.01463  66.3%  44.2   30s
  1086   901 1140.22256  102   67 1787.20151  614.85109  65.6%  52.0   35s
  1191   971  946.95494  148   73 1787.20151  622.58712  65.2%  41.6   40s
* 2014  1265             248    1610.3462503  622.59913  61.3%  26.9   40s
* 2015  1206             248    1593.0329604  622.59913  60.9%  26.9   40s
H 2184  1204                    1559.5700506  622.59913  60.1%  25.2   40s
H 2502  1309                    1541.1573811  622.59913  59.6%  22.6   41s
H 2803   963                    1204.8686773  622.70603  48.3%  20.8   41s
H 3060  1053                    1189.0894085  622.70603  47.6%  19.5   42s
H 3301  1161                    1188.6413976  622.70603  47.6%  18.4   43s
  3941  1560 1175.36263  162   66 1188.64140  622.94025  47.6%  16.3   45s
H 4345  1770                    1177.1363034  622.99236  47.1%  15.3   46s
* 4472  1870             231    1176.5742281  622.99236  47.1%  15.0   46s
* 4981  1137             238     947.4782017  623.05750  34.2%  13.9   46s
* 4982  1064             238     929.7096309  623.05750  33.0%  13.9   46s
H 5783  1275                     900.7509259  623.13961  30.8%  12.6   47s
* 5822  1141             225     873.5029737  623.13961  28.7%  12.6   47s
  7803  1973  872.00276  162   51  873.50297  625.61745  28.4%  10.7   50s
H 9081  2250                     840.8236040  626.98024  25.4%   9.9   53s
  9968  2628  627.37264  150   76  840.82360  627.23967  25.4%   9.5   55s
 12934  3936  632.34245  163   57  840.82360  627.63791  25.4%   8.5   60s
 16462  5562  834.85586  159   61  840.82360  627.84796  25.3%   7.7   65s
 20670  7436  816.67615  177   42  840.82360  628.02838  25.3%   7.2   96s
 20687  7447  756.58973  173  118  840.82360  628.02838  25.3%   7.2  100s
 20697  7454  771.89652  178  124  840.82360  628.02838  25.3%   7.2  105s
 20700  7456  801.65955  177  126  840.82360  628.02838  25.3%   7.2  110s
 20708  7461  714.61028  181  122  840.82360  628.02838  25.3%   7.2  115s
 20721  7465  628.02838  150  100  840.82360  628.02838  25.3%   7.3  120s
H21467  7254                     829.9603091  629.92450  24.1%   7.3  122s
 22140  7401  700.32580  168   70  829.96031  630.30942  24.1%   7.3  125s
 24542  7777  828.27070  183   42  829.96031  630.85169  24.0%   7.2  134s
H24545  7228                     811.0896237  630.85169  22.2%   7.2  134s
 24878  7261  632.25205  170   69  811.08962  630.90375  22.2%   7.2  135s
 28025  7907  754.39380  181   38  811.08962  631.43420  22.1%   7.1  140s
*31712  7969             231     801.5145767  631.57485  21.2%   7.0  143s
 32156  8101  632.16386  170   54  801.51458  631.60311  21.2%   7.0  145s
*35075  7330             227     775.4070053  631.71279  18.5%   6.9  148s
*36049  5794             235     743.2721001  631.74813  15.0%   6.9  149s
 36126  5824  686.70729  174   62  743.27210  631.76120  15.0%   6.9  150s
 38940  6401  699.46310  176   65  743.27210  631.85119  15.0%   6.9  155s
*41335  7123             229     739.1726950  631.92161  14.5%   6.9  156s
 41819  7388     cutoff  177       739.17269  631.93086  14.5%   6.9  160s
 45915  9019  632.18640  167   56  739.17269  632.08232  14.5%   6.9  165s
 49160 10005  632.38677  177   34  739.17269  632.20001  14.5%   6.9  170s
 51872 10873     cutoff  181       739.17269  632.33224  14.5%   6.9  175s
*54762 11179             230     731.9090535  632.44879  13.6%   6.9  179s
 55235 11406     cutoff  177       731.90905  632.46170  13.6%   6.9  180s
*58257  8925             231     691.6887139  632.57052  8.55%   6.9  183s
 59158  9197  686.24344  181   61  691.68871  632.59950  8.54%   6.9  185s
 63072 10239  634.86660  173   54  691.68871  632.75520  8.52%   6.9  190s
 66037 11019  683.00055  179   69  691.68871  632.87169  8.50%   6.9  195s
 69470 11917  642.97277  183   54  691.68871  632.97414  8.49%   7.0  200s
H71350 11970                     688.8682709  633.06311  8.10%   7.0  204s
H71352  9863                     672.9878698  633.06311  5.93%   7.0  204s
 71354  9803  658.84103  188   25  672.98787  633.06489  5.93%   7.0  206s
*71929  8858             229     667.4970975  633.09236  5.15%   7.0  207s
 75140  9424  640.06308  187   43  667.49710  633.25770  5.13%   7.0  210s
 77935  9931  643.95424  182   49  667.49710  633.38166  5.11%   7.0  215s
 80697 10386     cutoff  178       667.49710  633.52293  5.09%   7.0  220s
 84532 10977  633.76993  169   44  667.49710  633.73873  5.06%   7.0  226s
 88348 11609     cutoff  185       667.49710  633.95047  5.03%   7.1  230s
 91511 12146  640.15540  181   52  667.49710  634.17362  4.99%   7.1  235s
 94354 12625  635.04718  176   70  667.49710  634.30865  4.97%   7.1  240s
 97703 13269  649.24732  181   49  667.49710  634.45788  4.95%   7.1  245s
 101557 14018  654.84915  183   38  667.49710  634.63366  4.92%   7.1  250s
 104817 14597  636.91258  175   62  667.49710  634.78439  4.90%   7.1  255s
*107262 15196             225     667.4938051  634.87532  4.89%   7.1  259s
 107657 15359     cutoff  179       667.49381  634.88602  4.89%   7.1  264s
H107663 15254                     667.0385241  634.88602  4.82%   7.1  264s
H107664 14916                     665.5611567  634.88602  4.61%   7.1  264s
 107666 14886     cutoff  171       665.56116  634.88684  4.61%   7.1  265s
 110932 15555     cutoff  176       665.56116  635.01545  4.59%   7.1  270s
 114931 16544  635.10907  161   93  665.56116  635.10907  4.58%   7.1  275s
 118073 17552  635.32589  179   60  665.56116  635.16522  4.57%   7.1  280s
 120541 18145  637.81113  172   66  665.56116  635.21820  4.56%   7.1  285s
 124359 19151  635.39884  170   65  665.56116  635.27917  4.55%   7.1  291s
 127809 19911     cutoff  184       665.56116  635.32649  4.54%   7.1  295s
 131173 20506     cutoff  170       665.56116  635.38338  4.53%   7.2  300s
 133531 20954  661.42417  177   49  665.56116  635.41479  4.53%   7.2  305s
 136938 21677  635.52895  170   54  665.56116  635.46692  4.52%   7.2  310s
 140792 22261  659.90884  176   60  665.56116  635.53683  4.51%   7.2  316s
 144180 22877  638.35359  178   48  665.56116  635.60174  4.50%   7.2  320s
 146543 23259  659.16136  175   61  665.56116  635.63981  4.50%   7.2  325s
 149496 23670     cutoff  175       665.56116  635.69920  4.49%   7.2  330s
 153460 24348     cutoff  170       665.56116  635.75536  4.48%   7.2  335s
 157394 24929     cutoff  177       665.56116  635.82728  4.47%   7.2  341s
 159300 25217  636.76130  168   89  665.56116  635.86221  4.46%   7.2  345s
 162133 25671     cutoff  176       665.56116  635.93101  4.45%   7.2  350s
 166630 26476  656.28552  191   30  665.56116  636.01013  4.44%   7.2  355s
 169137 26963  652.46597  184   59  665.56116  636.05349  4.43%   7.2  360s
 171514 27307  636.24248  170   51  665.56116  636.09280  4.43%   7.3  365s
 175397 27826  636.74725  166   60  665.56116  636.15889  4.42%   7.3  371s
 178770 28332  637.85376  174   38  665.56116  636.21281  4.41%   7.3  376s
 181651 28795     cutoff  177       665.56116  636.25722  4.40%   7.3  380s
 184163 29242     cutoff  169       665.56116  636.28833  4.40%   7.3  385s
 187159 29733  637.19976  172   58  665.56116  636.32630  4.39%   7.3  390s
 191192 30523     cutoff  176       665.56116  636.38049  4.38%   7.3  395s
 194638 31084  636.89963  171   52  665.56116  636.41762  4.38%   7.3  400s
 197474 31459  638.66262  180   48  665.56116  636.45298  4.37%   7.3  410s
H197509 31266                     665.1091681  636.45298  4.31%   7.3  410s
H197576 30996                     664.3872941  636.45377  4.20%   7.3  410s
H197606 30864                     664.1043368  636.45393  4.16%   7.3  410s
 200638 31249     cutoff  172       664.10434  636.48471  4.16%   7.3  415s
 204190 31677     cutoff  179       664.10434  636.52276  4.15%   7.3  420s
 207112 32011  639.52507  167   91  664.10434  636.55932  4.15%   7.3  425s
 210154 32492     cutoff  176       664.10434  636.59033  4.14%   7.3  430s
 213679 33071  636.65747  173   60  664.10434  636.62712  4.14%   7.3  435s
 217591 33687  636.88096  173   43  664.10434  636.66596  4.13%   7.3  441s
 220482 33935  660.02701  175   56  664.10434  636.69643  4.13%   7.4  445s
 222932 34210  640.08999  177   49  664.10434  636.71805  4.12%   7.4  450s
 226308 34721  638.35279  182   30  664.10434  636.75333  4.12%   7.4  455s
 230176 35114     cutoff  177       664.10434  636.79745  4.11%   7.4  461s
 233596 35540     cutoff  174       664.10434  636.82843  4.11%   7.4  465s
 235959 35794  636.85109  166   51  664.10434  636.85109  4.10%   7.4  470s
 239031 36307     cutoff  177       664.10434  636.87695  4.10%   7.4  475s
 243026 36859  641.74994  176   48  664.10434  636.91213  4.09%   7.4  480s
 246945 37367  647.91168  175   60  664.10434  636.94473  4.09%   7.4  485s
 249826 37670     cutoff  180       664.10434  636.97015  4.09%   7.4  490s
 252190 38021     cutoff  178       664.10434  636.98650  4.08%   7.4  495s
 255523 38361     cutoff  177       664.10434  637.02196  4.08%   7.4  500s
 259499 38945  637.28855  177   59  664.10434  637.05878  4.07%   7.4  505s
 263221 39326  637.28920  170   39  664.10434  637.09599  4.07%   7.4  511s
 266099 39557  655.12050  182   36  664.10434  637.12792  4.06%   7.4  515s
 268509 39850  644.26739  182   36  664.10434  637.14650  4.06%   7.4  520s
 271417 40140  639.22967  174   52  664.10434  637.18348  4.05%   7.4  525s
 274800 40493     cutoff  177       664.10434  637.21704  4.05%   7.4  530s
 278722 40943     cutoff  173       664.10434  637.25654  4.04%   7.4  536s
 282664 41348     cutoff  171       664.10434  637.29273  4.04%   7.4  541s
 286039 41703  637.38802  178   38  664.10434  637.33143  4.03%   7.4  545s
 288498 41943     cutoff  180       664.10434  637.35429  4.03%   7.4  550s
 291503 42376     cutoff  181       664.10434  637.38249  4.02%   7.4  560s
 295379 42754  637.98038  174   45  664.10434  637.42088  4.02%   7.4  566s
 298878 43147  639.34484  182   37  664.10434  637.45845  4.01%   7.4  570s
 301791 43387  650.85784  173   64  664.10434  637.48993  4.01%   7.4  575s
 304707 43580     cutoff  179       664.10434  637.52202  4.00%   7.4  580s
 308437 43930  637.56594  175   61  664.10434  637.56594  4.00%   7.4  585s
 311305 44153  637.59326  174   67  664.10434  637.59326  3.99%   7.4  590s
 314291 44554  637.63742  170   51  664.10434  637.61737  3.99%   7.4  595s
 318165 44826  637.72674  172   63  664.10434  637.65884  3.98%   7.4  600s
 322036 45149  640.46219  185   31  664.10434  637.69868  3.98%   7.4  605s
 325411 45532  639.25631  178   50  664.10434  637.72848  3.97%   7.4  610s
 328346 45830  640.16369  192   24  664.10434  637.75254  3.97%   7.4  615s
 331114 45958     cutoff  174       664.10434  637.78136  3.96%   7.4  620s
 334910 46183  649.47063  181   56  664.10434  637.82175  3.96%   7.4  625s
 338837 46613  637.88919  179   38  664.10434  637.85851  3.95%   7.4  630s
 341849 47011     cutoff  177       664.10434  637.87956  3.95%   7.4  635s
 344786 47271  638.47786  166   79  664.10434  637.90981  3.94%   7.4  640s
 348595 47522  640.15685  179   53  664.10434  637.94392  3.94%   7.4  646s
 352328 47801  652.27275  170   54  664.10434  637.97317  3.93%   7.4  651s
 355100 48055  638.00787  173   60  664.10434  638.00162  3.93%   7.4  655s
 358019 48494  657.98445  185   34  664.10434  638.02495  3.93%   7.4  660s
 361326 48856  638.10009  163   84  664.10434  638.05385  3.92%   7.4  665s
 365076 49277  638.27377  169   79  664.10434  638.09581  3.92%   7.4  670s
 368540 49697  650.19967  179   43  664.10434  638.12353  3.91%   7.4  675s
 371381 50024  649.77889  187   35  664.10434  638.14924  3.91%   7.4  680s
 374297 50391  640.41238  179   49  664.10434  638.17283  3.90%   7.4  685s
 376221 50691     cutoff  179       664.10434  638.18762  3.90%   7.4  691s
H376235 50605                     663.9320131  638.18777  3.88%   7.4  691s
 378610 50848  638.96849  174   52  663.93201  638.20536  3.87%   7.4  695s
 381063 51161  638.24036  171   45  663.93201  638.22634  3.87%   7.4  700s
 384882 51653  639.31117  178   45  663.93201  638.25425  3.87%   7.4  706s
 388423 52164  649.00724  192   22  663.93201  638.27674  3.86%   7.4  710s
 391892 52728  639.53399  160   75  663.93201  638.30194  3.86%   7.4  715s
 394289 52971  640.26099  186   28  663.93201  638.32285  3.86%   7.4  720s
 397690 53371  648.69991  179   48  663.93201  638.34847  3.85%   7.4  725s
 401685 54023     cutoff  179       663.93201  638.37808  3.85%   7.4  733s
H401689 53417                     663.2036571  638.37808  3.74%   7.4  733s
 403058 53419  638.54215  172   49  663.20366  638.39144  3.74%   7.4  735s
 404934 53497     cutoff  174       663.20366  638.41035  3.74%   7.4  740s
 407362 53665  652.46063  180   46  663.20366  638.43185  3.74%   7.4  745s
 411338 54123     cutoff  186       663.20366  638.45909  3.73%   7.4  751s
 414632 54427  638.66008  170   65  663.20366  638.48909  3.73%   7.4  755s
 416470 54594     cutoff  177       663.20366  638.50624  3.72%   7.4  760s
 419399 55018  649.44537  181   54  663.20366  638.52522  3.72%   7.4  765s
 423182 55401  639.01421  169   67  663.20366  638.55934  3.72%   7.4  771s
 426042 55649  659.90270  188   37  663.20366  638.58238  3.71%   7.4  775s
 427421 55705  650.25419  186   36  663.20366  638.59464  3.71%   7.4  780s
 430425 56050     cutoff  197       663.20366  638.61303  3.71%   7.4  786s
 431875 56151  662.10995  183   39  663.20366  638.62595  3.71%   7.4  790s
 434117 56299     cutoff  176       663.20366  638.64619  3.70%   7.4  797s
 436061 56488  652.95069  189   30  663.20366  638.66396  3.70%   7.4  800s
 436991 56582     cutoff  178       663.20366  638.67151  3.70%   7.4  805s
 439464 56861  638.70811  170   60  663.20366  638.69051  3.70%   7.4  810s
 440446 56914  640.10972  176   56  663.20366  638.69901  3.69%   7.4  815s
 442835 57263  657.47332  189   33  663.20366  638.71667  3.69%   7.4  828s
 443273 57245  641.26985  175   49  663.20366  638.72145  3.69%   7.4  830s
 444692 57386     cutoff  169       663.20366  638.73216  3.69%   7.4  835s
 448073 57696  638.85228  174   62  663.20366  638.76236  3.69%   7.4  842s
 448534 57748     cutoff  172       663.20366  638.76803  3.68%   7.4  845s
 451005 57955  640.10711  184   32  663.20366  638.78773  3.68%   7.4  850s
 453012 58198  654.70566  178   64  663.20366  638.80156  3.68%   7.4  855s
 455486 58411  638.99050  174   62  663.20366  638.81906  3.68%   7.4  861s
 457894 58611  638.87909  169   68  663.20366  638.84095  3.67%   7.4  865s
 458839 58701  649.97560  184   42  663.20366  638.85036  3.67%   7.4  870s
 461767 59060  638.92837  172   66  663.20366  638.87277  3.67%   7.4  876s
 462695 59129  639.64506  172   67  663.20366  638.87948  3.67%   7.4  881s
 464985 59247  660.89124  194   29  663.20366  638.90157  3.66%   7.4  885s
 465950 59311  639.25556  183   41  663.20366  638.91096  3.66%   7.4  890s
 468835 59645     cutoff  177       663.20366  638.92863  3.66%   7.4  897s
 469292 59702     cutoff  175       663.20366  638.93188  3.66%   7.4  900s
 471663 59930  651.17668  186   37  663.20366  638.95379  3.66%   7.4  906s
 473017 60008  638.99168  184   35  663.20366  638.96734  3.65%   7.4  910s
 475397 60172  639.04362  182   43  663.20366  638.98769  3.65%   7.4  916s
 477922 60508     cutoff  186       663.20366  639.00654  3.65%   7.4  920s
 479404 60610  639.85808  175   50  663.20366  639.02250  3.65%   7.4  926s
 482217 60791     cutoff  177       663.20366  639.04916  3.64%   7.4  930s
 483191 60867  649.70843  186   42  663.20366  639.05712  3.64%   7.4  935s
 486059 61101  639.35756  168   78  663.20366  639.08327  3.64%   7.4  940s
 487410 61194  648.55488  186   29  663.20366  639.09162  3.64%   7.4  945s
 489917 61612  640.22192  178   57  663.20366  639.11451  3.63%   7.4  952s
 490398 61638  648.42223  172   69  663.20366  639.11813  3.63%   7.4  955s
 492690 61786     cutoff  197       663.20366  639.13989  3.63%   7.4  960s
 493688 61955  660.33008  192   24  663.20366  639.14799  3.63%   7.4  966s
 496091 62256     cutoff  193       663.20366  639.16503  3.62%   7.4  970s
 497069 62383     cutoff  193       663.20366  639.16979  3.62%   7.4  975s
 499952 62721     cutoff  194       663.20366  639.18861  3.62%   7.4  982s
 500885 62852  639.31481  168   73  663.20366  639.19552  3.62%   7.4  985s
 503199 63152  641.76279  184   31  663.20366  639.21015  3.62%   7.4  990s
 504097 63203     cutoff  173       663.20366  639.21683  3.62%   7.4  995s
 506010 63477     cutoff  187       663.20366  639.23405  3.61%   7.4 1002s
 507492 63591  655.25869  186   40  663.20366  639.24517  3.61%   7.4 1005s
 509500 63809  663.14237  190   26  663.20366  639.25771  3.61%   7.4 1011s
 511416 63994     cutoff  191       663.20366  639.27012  3.61%   7.4 1015s
 512844 64108  657.15252  185   38  663.20366  639.28183  3.61%   7.4 1020s
 514876 64402     cutoff  176       663.20366  639.29484  3.61%   7.4 1025s
 516772 64607     cutoff  164       663.20366  639.31099  3.60%   7.4 1030s
 517634 64607  639.43986  168   70  663.20366  639.32205  3.60%   7.4 1035s
 520411 64739  639.34937  176   36  663.20366  639.34937  3.60%   7.4 1042s
 521347 64802  640.48183  170   51  663.20366  639.35711  3.60%   7.4 1045s
 523247 65010  639.40675  187   33  663.20366  639.36971  3.59%   7.4 1051s
 525057 65169     cutoff  179       663.20366  639.38683  3.59%   7.4 1056s
 526941 65359  639.40712  166   78  663.20366  639.40371  3.59%   7.4 1070s
 529220 65365  661.91151  193   29  663.20366  639.42514  3.59%   7.4 1076s
 530222 65478  662.52194  173   71  663.20366  639.43280  3.58%   7.4 1081s
 532736 65761  639.48633  165   69  663.20366  639.45174  3.58%   7.4 1085s
 533726 65874  639.63487  185   30  663.20366  639.45972  3.58%   7.4 1091s
 536224 66152  639.67411  169   85  663.20366  639.47838  3.58%   7.4 1095s
 537722 66308  643.51760  193   24  663.20366  639.48859  3.58%   7.4 1101s
 540086 66418  642.42698  185   49  663.20366  639.50922  3.57%   7.4 1106s
 541502 66523     cutoff  185       663.20366  639.52406  3.57%   7.4 1110s
 543403 66728  640.30662  188   26  663.20366  639.54076  3.57%   7.4 1117s
 545498 67052  639.57159  167   83  663.20366  639.55343  3.57%   7.4 1120s
 546984 67262  642.66318  192   26  663.20366  639.56368  3.56%   7.4 1125s
 548849 67443     cutoff  202       663.20366  639.57743  3.56%   7.4 1130s
 550796 67607  639.63745  185   40  663.20366  639.59699  3.56%   7.4 1135s
 552647 67713  639.67394  184   35  663.20366  639.61938  3.56%   7.4 1141s
 555098 68055     cutoff  199       663.20366  639.64045  3.55%   7.4 1145s
 556646 68372     cutoff  178       663.20366  639.65095  3.55%   7.4 1151s
 558987 68605     cutoff  196       663.20366  639.67157  3.55%   7.4 1156s
 559892 68697  657.85673  186   33  663.20366  639.67951  3.55%   7.4 1160s
 562382 68980     cutoff  190       663.20366  639.69470  3.54%   7.4 1165s
 564267 69080  640.74436  183   37  663.20366  639.71208  3.54%   7.4 1170s
 566187 69238     cutoff  179       663.20366  639.73196  3.54%   7.4 1176s
 568118 69476     cutoff  182       663.20366  639.74524  3.54%   7.3 1180s
 570957 69732  639.78345  163   57  663.20366  639.76882  3.53%   7.3 1187s
 572299 69750  651.69672  180   41  663.20366  639.78139  3.53%   7.3 1190s
 574770 70042  639.80299  182   38  663.20366  639.80299  3.53%   7.3 1197s
 575255 70095     cutoff  200       663.20366  639.80849  3.53%   7.3 1200s
 578732 70364  652.72958  173   76  663.20366  639.83591  3.52%   7.3 1205s
 580244 70478     cutoff  177       663.20366  639.84838  3.52%   7.3 1211s
 582092 70722  649.61340  181   55  663.20366  639.86458  3.52%   7.3 1215s
 583115 70789  661.74385  179   52  663.20366  639.87234  3.52%   7.3 1220s
 585590 71004  639.89197  173   70  663.20366  639.89197  3.52%   7.3 1225s
 586583 71063  641.08927  180   42  663.20366  639.90248  3.51%   7.3 1230s
 589389 71162     cutoff  186       663.20366  639.93476  3.51%   7.4 1237s
 590857 71359     cutoff  192       663.20366  639.94692  3.51%   7.4 1240s
 593347 71456  641.70799  179   48  663.20366  639.97050  3.50%   7.4 1245s
 595168 71540  640.16657  181   54  663.20366  639.99193  3.50%   7.4 1250s
 596808 71824     cutoff  215       663.20366  640.00412  3.50%   7.3 1255s
 599378 72102  649.38628  189   38  663.20366  640.02438  3.50%   7.3 1261s
 601724 72273  640.73807  183   34  663.20366  640.04408  3.49%   7.3 1267s
 602721 72317     cutoff  176       663.20366  640.05272  3.49%   7.3 1270s
 605653 72477  641.93084  174   46  663.20366  640.07526  3.49%   7.3 1275s
 607511 72685  654.68765  173   75  663.20366  640.08959  3.49%   7.3 1280s
 608980 72815  640.09963  175   56  663.20366  640.09871  3.48%   7.3 1286s
 611272 73037  659.63634  191   31  663.20366  640.12053  3.48%   7.3 1290s
 613142 73207  640.21618  166   84  663.20366  640.13646  3.48%   7.3 1297s
 615082 73424  658.67594  187   33  663.20366  640.14867  3.48%   7.3 1300s
 616961 73652     cutoff  194       663.20366  640.16275  3.47%   7.3 1311s
 618360 73776  640.60786  182   35  663.20366  640.17200  3.47%   7.3 1315s
 619846 73969  642.59554  174   51  663.20366  640.18244  3.47%   7.3 1320s
 623386 74514     cutoff  183       663.20366  640.20406  3.47%   7.3 1325s
 624347 74630  641.83169  185   30  663.20366  640.20962  3.47%   7.3 1330s
 626226 74946  650.08486  188   31  663.20366  640.22256  3.47%   7.3 1335s
 628713 75261  661.92689  214    4  663.20366  640.23814  3.46%   7.3 1342s
 630151 75384     cutoff  173       663.20366  640.24930  3.46%   7.3 1345s
 632584 75710  642.42090  187   37  663.20366  640.26633  3.46%   7.3 1350s
 634501 75958     cutoff  173       663.20366  640.27708  3.46%   7.3 1355s
 636022 76276  652.00152  193   23  663.20366  640.28571  3.46%   7.3 1361s
 638421 76702     cutoff  187       663.20366  640.30053  3.45%   7.3 1365s
 639930 76957  649.99340  171   57  663.20366  640.31017  3.45%   7.3 1371s
 642781 77282  656.29031  192   31  663.20366  640.32913  3.45%   7.3 1375s
 644169 77438     cutoff  186       663.20366  640.33831  3.45%   7.3 1380s
 647584 77975     cutoff  173       663.20366  640.35977  3.44%   7.3 1385s
 648521 78078  640.66025  182   34  663.20366  640.36749  3.44%   7.3 1390s
 651934 78725     cutoff  170       663.20366  640.39106  3.44%   7.3 1397s
 652856 78814     cutoff  178       663.20366  640.40106  3.44%   7.3 1400s
 655770 79304  640.42345  176   46  663.20366  640.41899  3.44%   7.3 1407s
 657233 79529  640.42953  179   36  663.20366  640.42953  3.43%   7.3 1410s
 660104 79842  645.41304  179   51  663.20366  640.44942  3.43%   7.3 1416s
 661041 79936     cutoff  189       663.20366  640.45628  3.43%   7.3 1420s
 664528 80402     cutoff  183       663.20366  640.48265  3.43%   7.3 1425s
 666013 80670  641.32230  184   40  663.20366  640.49064  3.42%   7.3 1430s
 668442 80985     cutoff  182       663.20366  640.51073  3.42%   7.3 1435s
 670958 81389  641.26349  177   39  663.20366  640.52663  3.42%   7.3 1440s
 673403 81800  650.22400  171   63  663.20366  640.53952  3.42%   7.3 1445s
 674400 81906  662.31335  198   11  663.20366  640.54465  3.42%   7.3 1450s
 676788 82300  661.67175  192   28  663.20366  640.55991  3.41%   7.3 1455s
 678672 82586  641.79553  196   27  663.20366  640.57260  3.41%   7.3 1461s
 681128 83041     cutoff  194       663.20366  640.58823  3.41%   7.3 1465s
 683609 83434     cutoff  180       663.20366  640.60329  3.41%   7.3 1472s
 685567 83776  659.14594  203   28  663.20366  640.61553  3.41%   7.3 1475s
